<?xml version="1.0" encoding="UTF-8"?>
<robot generator="Robot 6.0.2 (Python 3.9.16 on darwin)" generated="20251001 16:36:00.723" rpa="false" schemaversion="3">
<suite id="s1" name="Eteration" source="/Users/testinium/insider/eteration.robot">
<test id="s1-t1" name="Insider Careers &amp; Jobs" line="12">
<kw name="Open Browser" library="SeleniumLibrary">
<arg>${url}</arg>
<arg>${browser}</arg>
<doc>Opens a new browser instance to the optional ``url``.</doc>
<msg timestamp="20251001 16:36:00.820" level="INFO">Opening browser 'safari' to base url 'https://academy.eteration.com'.</msg>
<status status="PASS" starttime="20251001 16:36:00.819" endtime="20251001 16:36:09.530"/>
</kw>
<kw name="Capture Page Screenshot" library="SeleniumLibrary">
<arg>failed.png</arg>
<doc>Takes a screenshot of the current page and embeds it into a log file.</doc>
<msg timestamp="20251001 16:36:09.616" level="INFO" html="true">&lt;/td&gt;&lt;/tr&gt;&lt;tr&gt;&lt;td colspan="3"&gt;&lt;a href="failed.png"&gt;&lt;img src="failed.png" width="800px"&gt;&lt;/a&gt;</msg>
<status status="PASS" starttime="20251001 16:36:09.531" endtime="20251001 16:36:09.616"/>
</kw>
<kw name="Set Selenium Timeout" library="SeleniumLibrary">
<arg>${timeout}</arg>
<doc>Sets the timeout that is used by various keywords.</doc>
<status status="PASS" starttime="20251001 16:36:09.617" endtime="20251001 16:36:09.620"/>
</kw>
<kw name="Set Selenium Speed" library="SeleniumLibrary">
<arg>0.5s</arg>
<doc>Sets the delay that is waited after each Selenium command.</doc>
<status status="PASS" starttime="20251001 16:36:09.620" endtime="20251001 16:36:09.620"/>
</kw>
<kw name="Wait Until Page Contains" library="SeleniumLibrary">
<arg>Instructors</arg>
<doc>Waits until ``text`` appears on the current page.</doc>
<status status="PASS" starttime="20251001 16:36:09.620" endtime="20251001 16:36:10.132"/>
</kw>
<kw name="Click Text">
<arg>Instructors</arg>
<msg timestamp="20251001 16:36:10.134" level="FAIL">No keyword with name 'Click Text' found.</msg>
<status status="FAIL" starttime="20251001 16:36:10.134" endtime="20251001 16:36:10.134"/>
</kw>
<status status="FAIL" starttime="20251001 16:36:00.819" endtime="20251001 16:36:10.135">No keyword with name 'Click Text' found.</status>
</test>
<status status="FAIL" starttime="20251001 16:36:00.723" endtime="20251001 16:36:10.135"/>
</suite>
<statistics>
<total>
<stat pass="0" fail="1" skip="0">All Tests</stat>
</total>
<tag>
</tag>
<suite>
<stat pass="0" fail="1" skip="0" id="s1" name="Eteration">Eteration</stat>
</suite>
</statistics>
<errors>
</errors>
</robot>
